[INFO  - 2023-06-19T15:56:45.401Z] GhostDriver - Main - running on port 4356
[INFO  - 2023-06-19T15:56:45.940Z] Session [e4702f00-0eb9-11ee-93c9-996b7bebb57b] - page.settings - {"XSSAuditingEnabled":false,"javascriptCanCloseWindows":true,"javascriptCanOpenWindows":true,"javascriptEnabled":true,"loadImages":true,"localToRemoteUrlAccessEnabled":false,"userAgent":"Mozilla/5.0 (Windows NT 6.2; WOW64) AppleWebKit/538.1 (KHTML, like Gecko) PhantomJS/2.1.1 Safari/538.1","webSecurityEnabled":true}
[INFO  - 2023-06-19T15:56:45.940Z] Session [e4702f00-0eb9-11ee-93c9-996b7bebb57b] - page.customHeaders:  - {}
[INFO  - 2023-06-19T15:56:45.940Z] Session [e4702f00-0eb9-11ee-93c9-996b7bebb57b] - Session.negotiatedCapabilities - {"browserName":"phantomjs","version":"2.1.1","driverName":"ghostdriver","driverVersion":"1.2.0","platform":"windows-10-32bit","javascriptEnabled":true,"takesScreenshot":true,"handlesAlerts":false,"databaseEnabled":false,"locationContextEnabled":false,"applicationCacheEnabled":false,"browserConnectionEnabled":false,"cssSelectorsEnabled":true,"webStorageEnabled":false,"rotatable":false,"acceptSslCerts":false,"nativeEvents":true,"proxy":{"proxyType":"direct"}}
[INFO  - 2023-06-19T15:56:45.940Z] SessionManagerReqHand - _postNewSessionCommand - New Session Created: e4702f00-0eb9-11ee-93c9-996b7bebb57b
[ERROR - 2023-06-19T15:56:47.108Z] Session [e4702f00-0eb9-11ee-93c9-996b7bebb57b] - page.onError - msg: ReferenceError: Can't find variable: Promise

  phantomjs://platform/console++.js:263 in error
[ERROR - 2023-06-19T15:56:47.108Z] Session [e4702f00-0eb9-11ee-93c9-996b7bebb57b] - page.onError - stack:
  Vb (https://s6.music.126.net/643e5ac3afbaa12ec0719b8c_643e5ac3afbaa12ec0719b8e/deviceid.js:1)
  Fb (https://s6.music.126.net/643e5ac3afbaa12ec0719b8c_643e5ac3afbaa12ec0719b8e/deviceid.js:1)
  Rb (https://s6.music.126.net/643e5ac3afbaa12ec0719b8c_643e5ac3afbaa12ec0719b8e/deviceid.js:1)
  (anonymous function) (https://s6.music.126.net/643e5ac3afbaa12ec0719b8c_643e5ac3afbaa12ec0719b8e/deviceid.js:1)

  phantomjs://platform/console++.js:263 in error
[ERROR - 2023-06-19T15:56:47.108Z] Session [e4702f00-0eb9-11ee-93c9-996b7bebb57b] - page.onError - msg: SyntaxError: Unexpected token ','

  phantomjs://platform/console++.js:263 in error
[ERROR - 2023-06-19T15:56:47.108Z] Session [e4702f00-0eb9-11ee-93c9-996b7bebb57b] - page.onError - stack:
  insertBefore (https://music.163.com/#/playlist?id=1989933630:8)
  onload (https://s6.music.126.net/puzzle/puzzle@0002A4.js:1)

  phantomjs://platform/console++.js:263 in error
[ERROR - 2023-06-19T15:56:47.230Z] Session [e4702f00-0eb9-11ee-93c9-996b7bebb57b] - page.onError - msg: ReferenceError: Can't find variable: fetch

  phantomjs://platform/console++.js:263 in error
[ERROR - 2023-06-19T15:56:47.230Z] Session [e4702f00-0eb9-11ee-93c9-996b7bebb57b] - page.onError - stack:
  (anonymous function) (https://st.music.163.com/cmf-injector-sdk/injectorsdk.min.js:1)

  phantomjs://platform/console++.js:263 in error
[ERROR - 2023-06-19T15:56:47.234Z] Session [e4702f00-0eb9-11ee-93c9-996b7bebb57b] - page.onError - msg: SyntaxError: Unexpected token '}'

  phantomjs://platform/console++.js:263 in error
[ERROR - 2023-06-19T15:56:47.235Z] Session [e4702f00-0eb9-11ee-93c9-996b7bebb57b] - page.onError - stack:
  insertBefore (https://music.163.com/#/playlist?id=1989933630:4)
  onload (https://s6.music.126.net/puzzle/puzzle@0002A4.js:1)

  phantomjs://platform/console++.js:263 in error
[ERROR - 2023-06-19T15:56:47.413Z] Session [e4702f00-0eb9-11ee-93c9-996b7bebb57b] - page.onError - msg: ReferenceError: Can't find variable: Promise

  phantomjs://platform/console++.js:263 in error
[ERROR - 2023-06-19T15:56:47.413Z] Session [e4702f00-0eb9-11ee-93c9-996b7bebb57b] - page.onError - stack:
  Vb (https://s6.music.126.net/643e5ac3afbaa12ec0719b8c_643e5ac3afbaa12ec0719b8e/deviceid.js:1)
  Fb (https://s6.music.126.net/643e5ac3afbaa12ec0719b8c_643e5ac3afbaa12ec0719b8e/deviceid.js:1)
  Rb (https://s6.music.126.net/643e5ac3afbaa12ec0719b8c_643e5ac3afbaa12ec0719b8e/deviceid.js:1)
  (anonymous function) (https://s6.music.126.net/643e5ac3afbaa12ec0719b8c_643e5ac3afbaa12ec0719b8e/deviceid.js:1)

  phantomjs://platform/console++.js:263 in error
[ERROR - 2023-06-19T15:56:47.413Z] Session [e4702f00-0eb9-11ee-93c9-996b7bebb57b] - page.onError - msg: SyntaxError: Unexpected token ','

  phantomjs://platform/console++.js:263 in error
[ERROR - 2023-06-19T15:56:47.413Z] Session [e4702f00-0eb9-11ee-93c9-996b7bebb57b] - page.onError - stack:
  insertBefore (https://music.163.com/playlist?id=1989933630:8)
  onload (https://s6.music.126.net/puzzle/puzzle@0002A4.js:1)

  phantomjs://platform/console++.js:263 in error
[ERROR - 2023-06-19T15:56:47.424Z] Session [e4702f00-0eb9-11ee-93c9-996b7bebb57b] - page.onError - msg: ReferenceError: Can't find variable: fetch

  phantomjs://platform/console++.js:263 in error
[ERROR - 2023-06-19T15:56:47.424Z] Session [e4702f00-0eb9-11ee-93c9-996b7bebb57b] - page.onError - stack:
  (anonymous function) (https://st.music.163.com/cmf-injector-sdk/injectorsdk.min.js:1)

  phantomjs://platform/console++.js:263 in error
[ERROR - 2023-06-19T15:56:47.428Z] Session [e4702f00-0eb9-11ee-93c9-996b7bebb57b] - page.onError - msg: SyntaxError: Unexpected token '}'

  phantomjs://platform/console++.js:263 in error
[ERROR - 2023-06-19T15:56:47.428Z] Session [e4702f00-0eb9-11ee-93c9-996b7bebb57b] - page.onError - stack:
  insertBefore (https://music.163.com/playlist?id=1989933630:4)
  onload (https://s6.music.126.net/puzzle/puzzle@0002A4.js:1)

  phantomjs://platform/console++.js:263 in error
[ERROR - 2023-06-19T15:56:48.599Z] Session [e4702f00-0eb9-11ee-93c9-996b7bebb57b] - page.onError - msg: ReferenceError: Can't find variable: Map

  phantomjs://platform/console++.js:263 in error
[ERROR - 2023-06-19T15:56:48.599Z] Session [e4702f00-0eb9-11ee-93c9-996b7bebb57b] - page.onError - stack:
  (anonymous function) (https://st.music.163.com/npm-packages/vipcashier/vipcashier.umd.js:32)
  t (https://st.music.163.com/npm-packages/vipcashier/vipcashier.umd.js:1)
  (anonymous function) (https://st.music.163.com/npm-packages/vipcashier/vipcashier.umd.js:1)
  t (https://st.music.163.com/npm-packages/vipcashier/vipcashier.umd.js:1)
  (anonymous function) (https://st.music.163.com/npm-packages/vipcashier/vipcashier.umd.js:16)
  t (https://st.music.163.com/npm-packages/vipcashier/vipcashier.umd.js:1)
  (anonymous function) (https://st.music.163.com/npm-packages/vipcashier/vipcashier.umd.js:1)
  (anonymous function) (https://st.music.163.com/npm-packages/vipcashier/vipcashier.umd.js:1)
  (anonymous function) (https://st.music.163.com/npm-packages/vipcashier/vipcashier.umd.js:1)

  phantomjs://platform/console++.js:263 in error
[INFO  - 2023-06-19T16:01:45.413Z] SessionManagerReqHand - _cleanupWindowlessSessions - Asynchronous Sessions clean-up phase starting NOW
[INFO  - 2023-06-19T16:06:45.755Z] SessionManagerReqHand - _cleanupWindowlessSessions - Asynchronous Sessions clean-up phase starting NOW
[INFO  - 2023-06-19T16:11:45.762Z] SessionManagerReqHand - _cleanupWindowlessSessions - Asynchronous Sessions clean-up phase starting NOW
